{"level":"info","message":"Hello distributed log files!","timestamp":"2017-12-12T19:24:38.971Z"}
{"level":"info","message":"Hello distributed log files!","timestamp":"2017-12-13T01:06:03.620Z"}
{"level":"info","message":"Hello distributed log files!","timestamp":"2017-12-13T01:09:59.342Z"}
{"level":"info","message":"Hello distributed log files!","timestamp":"2017-12-13T01:10:56.951Z"}
{"level":"info","message":"API running on localhost:5000","timestamp":"2017-12-13T01:17:52.463Z"}
{"level":"info","message":"API running on localhost:5000","timestamp":"2017-12-13T01:24:09.244Z"}
{"level":"info","message":"API running on localhost:5000","timestamp":"2017-12-13T01:33:50.087Z"}
{"level":"info","message":"API running on localhost:5000","timestamp":"2017-12-13T02:07:44.176Z"}
{"level":"info","message":"API running on localhost:5000","timestamp":"2017-12-13T02:20:59.451Z"}
{"level":"info","message":"API running on localhost:5000","timestamp":"2017-12-13T02:30:03.894Z"}
{"level":"info","message":"API running on localhost:5000","timestamp":"2017-12-13T08:35:08.561Z"}
{"level":"info","message":"API running on localhost:5000","timestamp":"2017-12-13T08:42:33.753Z"}
{"level":"info","message":"API running on localhost:5000","timestamp":"2017-12-13T08:45:12.391Z"}
{"level":"info","message":"API running on localhost:5000","timestamp":"2017-12-13T08:46:13.836Z"}
{"level":"info","message":"API running on localhost:5000","timestamp":"2017-12-13T08:57:25.678Z"}
{"level":"info","message":"API running on localhost:5000","timestamp":"2017-12-13T08:57:34.909Z"}
{"level":"info","message":"API running on localhost:5000","timestamp":"2017-12-13T08:58:29.881Z"}
{"level":"info","message":"API running on localhost:5000","timestamp":"2017-12-13T09:00:27.373Z"}
{"level":"info","message":"API running on localhost:5000","timestamp":"2017-12-13T09:00:32.516Z"}
{"level":"info","message":"API running on localhost:5000","timestamp":"2017-12-13T09:01:40.659Z"}
{"level":"info","message":"API running on localhost:5000","timestamp":"2017-12-13T09:05:12.149Z"}
{"level":"info","message":"API running on localhost:5000","timestamp":"2017-12-13T09:06:36.459Z"}
{"level":"info","message":"API running on localhost:5000","timestamp":"2017-12-13T09:12:29.180Z"}
{"level":"info","message":"API running on localhost:5000","timestamp":"2017-12-13T09:26:25.119Z"}
{"level":"info","message":"API running on localhost:5000","timestamp":"2017-12-13T09:27:21.846Z"}
{"level":"info","message":"API running on localhost:5000","timestamp":"2017-12-13T09:28:09.824Z"}
{"level":"info","message":"API running on localhost:5000","timestamp":"2017-12-13T09:28:21.685Z"}
{"level":"info","message":"API running on localhost:5000","timestamp":"2017-12-13T09:30:14.979Z"}
{"level":"info","message":"API running on localhost:5000","timestamp":"2017-12-13T09:32:48.158Z"}
{"level":"info","message":"API running on localhost:5000","timestamp":"2017-12-13T09:33:54.833Z"}
{"level":"info","message":"API running on localhost:5000","timestamp":"2017-12-13T09:34:42.627Z"}
{"level":"info","message":"API running on localhost:5000","timestamp":"2017-12-13T09:34:53.935Z"}
{"level":"info","message":"API running on localhost:5000","timestamp":"2017-12-13T09:35:27.457Z"}
{"level":"info","message":"API running on localhost:5000","timestamp":"2017-12-13T09:37:13.464Z"}
{"level":"info","message":"API running on localhost:5000","timestamp":"2017-12-13T09:37:52.416Z"}
{"level":"info","message":"API running on localhost:5000","timestamp":"2017-12-13T09:38:32.555Z"}
{"level":"info","message":"API running on localhost:5000","timestamp":"2017-12-13T09:39:04.725Z"}
{"level":"info","message":"API running on localhost:5000","timestamp":"2017-12-13T09:39:52.213Z"}
{"level":"info","message":"API running on localhost:5000","timestamp":"2017-12-13T09:41:16.872Z"}
{"level":"info","message":"API running on localhost:5000","timestamp":"2017-12-13T09:41:27.293Z"}
{"level":"info","message":"API running on localhost:5000","timestamp":"2017-12-13T09:41:55.009Z"}
{"level":"info","message":"API running on localhost:5000","timestamp":"2017-12-13T09:42:09.805Z"}
{"level":"info","message":"API running on localhost:5000","timestamp":"2017-12-13T09:50:21.426Z"}
{"level":"info","message":"API running on localhost:5000","timestamp":"2017-12-13T09:54:37.892Z"}
{"level":"info","message":"API running on localhost:5000","timestamp":"2017-12-13T09:56:25.782Z"}
{"level":"info","message":"API running on localhost:5000","timestamp":"2017-12-13T09:56:54.985Z"}
{"level":"info","message":"API running on localhost:5000","timestamp":"2017-12-14T09:17:34.453Z"}
{"level":"info","message":"API running on localhost:5000","timestamp":"2017-12-14T09:19:45.746Z"}
{"level":"info","message":"API running on localhost:5000","timestamp":"2017-12-14T09:20:12.026Z"}
{"level":"info","message":"API running on localhost:5000","timestamp":"2017-12-14T09:20:57.250Z"}
{"level":"info","message":"API running on localhost:5000","timestamp":"2017-12-14T09:21:10.833Z"}
{"level":"info","message":"API running on localhost:5000","timestamp":"2017-12-14T09:26:20.864Z"}
{"level":"info","message":"API running on localhost:5000","timestamp":"2017-12-14T09:28:23.331Z"}
{"level":"info","message":"API running on localhost:5000","timestamp":"2017-12-14T09:28:57.364Z"}
{"level":"info","message":"API running on localhost:5000","timestamp":"2017-12-14T09:32:06.577Z"}
{"level":"info","message":"API running on localhost:5000","timestamp":"2017-12-14T09:34:16.769Z"}
{"level":"info","message":"API running on localhost:5000","timestamp":"2017-12-14T09:34:40.148Z"}
{"level":"info","message":"API running on localhost:5000","timestamp":"2017-12-14T09:35:02.695Z"}
{"level":"info","message":"API running on localhost:5000","timestamp":"2017-12-14T09:35:32.651Z"}
{"level":"info","message":"API running on localhost:5000","timestamp":"2017-12-14T09:35:58.994Z"}
{"level":"info","message":"API running on localhost:5000","timestamp":"2017-12-14T09:36:37.157Z"}
{"level":"info","message":"API running on localhost:5000","timestamp":"2017-12-14T09:36:56.819Z"}
{"level":"info","message":"API running on localhost:5000","timestamp":"2017-12-14T09:37:22.229Z"}
{"level":"info","message":"API running on localhost:5000","timestamp":"2017-12-14T09:48:37.170Z"}
{"level":"info","message":"API running on localhost:5000","timestamp":"2017-12-14T09:50:28.083Z"}
{"level":"info","message":"API running on localhost:5000","timestamp":"2017-12-14T09:54:41.070Z"}
{"level":"info","message":"API running on localhost:5000","timestamp":"2017-12-14T09:55:26.045Z"}
{"level":"info","message":"API running on localhost:5000","timestamp":"2017-12-14T10:00:19.307Z"}
{"level":"info","message":"API running on localhost:5000","timestamp":"2017-12-14T10:01:38.686Z"}
{"level":"info","message":"API running on localhost:5000","timestamp":"2017-12-14T10:03:01.955Z"}
{"level":"info","message":"API running on localhost:5000","timestamp":"2017-12-14T10:03:12.285Z"}
{"level":"info","message":"API running on localhost:5000","timestamp":"2017-12-14T10:03:24.197Z"}
{"level":"info","message":"API running on localhost:5000","timestamp":"2017-12-14T10:03:41.676Z"}
{"level":"info","message":"API running on localhost:5000","timestamp":"2017-12-14T10:03:50.779Z"}
{"level":"info","message":"Authentication failed. User not found.","timestamp":"2017-12-14T10:06:29.064Z"}
{"level":"info","message":"API running on localhost:5000","timestamp":"2017-12-14T10:07:05.857Z"}
{"level":"info","message":"Authentication failed. User not found.","timestamp":"2017-12-14T10:07:10.662Z"}
{"level":"info","message":"eyJ0eXAiOiJKV1QiLCJhbGciOiJIUzI1NiJ9.eyJfaWQiOiI1YTMyNGQ2MzBiNTY3MzU0Y2IzMWFhNDMiLCJuYW1lIjoibWVkIiwiZW1haWwiOiJtaGlyaUBnbWFpbC5jb20iLCJwYXNzd29yZCI6IiQyYSQxMCRRbjRJQU8yVE1aYmxKdmRpZW5jNEJ1Y2tuR0xZUjNTaU1OS3RITVk0cVdhTmJPVVJ2YklSVyIsIl9fdiI6MCwidHJhbnNhY3Rpb25zIjpbXX0.L1FLiT-0ocfGxEw0QHaRXPhgLGfEZ1A6m3gKur951vg: 'JWT ' + eyJ0eXAiOiJKV1QiLCJhbGciOiJIUzI1NiJ9.eyJfaWQiOiI1YTMyNGQ2MzBiNTY3MzU0Y2IzMWFhNDMiLCJuYW1lIjoibWVkIiwiZW1haWwiOiJtaGlyaUBnbWFpbC5jb20iLCJwYXNzd29yZCI6IiQyYSQxMCRRbjRJQU8yVE1aYmxKdmRpZW5jNEJ1Y2tuR0xZUjNTaU1OS3RITVk0cVdhTmJPVVJ2YklSVyIsIl9fdiI6MCwidHJhbnNhY3Rpb25zIjpbXX0.L1FLiT-0ocfGxEw0QHaRXPhgLGfEZ1A6m3gKur951vg","timestamp":"2017-12-14T10:07:37.934Z"}
{"level":"info","message":"API running on localhost:5000","timestamp":"2017-12-14T10:08:58.037Z"}
{"level":"info","message":"eyJ0eXAiOiJKV1QiLCJhbGciOiJIUzI1NiJ9.eyJfaWQiOiI1YTMyNGQ2MzBiNTY3MzU0Y2IzMWFhNDMiLCJuYW1lIjoibWVkIiwiZW1haWwiOiJtaGlyaUBnbWFpbC5jb20iLCJwYXNzd29yZCI6IiQyYSQxMCRRbjRJQU8yVE1aYmxKdmRpZW5jNEJ1Y2tuR0xZUjNTaU1OS3RITVk0cVdhTmJPVVJ2YklSVyIsIl9fdiI6MCwidHJhbnNhY3Rpb25zIjpbXX0.L1FLiT-0ocfGxEw0QHaRXPhgLGfEZ1A6m3gKur951vg: 'JWT ' + eyJ0eXAiOiJKV1QiLCJhbGciOiJIUzI1NiJ9.eyJfaWQiOiI1YTMyNGQ2MzBiNTY3MzU0Y2IzMWFhNDMiLCJuYW1lIjoibWVkIiwiZW1haWwiOiJtaGlyaUBnbWFpbC5jb20iLCJwYXNzd29yZCI6IiQyYSQxMCRRbjRJQU8yVE1aYmxKdmRpZW5jNEJ1Y2tuR0xZUjNTaU1OS3RITVk0cVdhTmJPVVJ2YklSVyIsIl9fdiI6MCwidHJhbnNhY3Rpb25zIjpbXX0.L1FLiT-0ocfGxEw0QHaRXPhgLGfEZ1A6m3gKur951vg","timestamp":"2017-12-14T10:09:08.051Z"}
{"level":"info","message":"API running on localhost:5000","timestamp":"2017-12-14T10:10:10.678Z"}
{"level":"info","message":"API running on localhost:5000","timestamp":"2017-12-14T10:12:07.147Z"}
{"level":"info","message":"API running on localhost:5000","timestamp":"2017-12-14T10:12:46.300Z"}
{"level":"info","message":"API running on localhost:5000","timestamp":"2017-12-14T10:14:01.988Z"}
{"level":"info","message":"eyJ0eXAiOiJKV1QiLCJhbGciOiJIUzI1NiJ9.eyJfaWQiOiI1YTMyNGYwYzNjNjQ5ZTU2MzgyMDg4OGEiLCJuYW1lIjoiYXdhdGVmIiwiZW1haWwiOiJhd2F0ZWZAZ21haWwuY29tIiwicGFzc3dvcmQiOiIkMmEkMTAkY1dWbXhFei8zTUhQcXViSE9zNWY1T3FKQ1RxYk1jZHJTQ0gueFVnL2ZFcjFDWC9hTXgwdG0iLCJfX3YiOjAsInRyYW5zYWN0aW9ucyI6W119.1kIwkMCMqri0U8awGXL-4UDXJu4PKrL90ciiWqJFVKc: 'JWT ' + eyJ0eXAiOiJKV1QiLCJhbGciOiJIUzI1NiJ9.eyJfaWQiOiI1YTMyNGYwYzNjNjQ5ZTU2MzgyMDg4OGEiLCJuYW1lIjoiYXdhdGVmIiwiZW1haWwiOiJhd2F0ZWZAZ21haWwuY29tIiwicGFzc3dvcmQiOiIkMmEkMTAkY1dWbXhFei8zTUhQcXViSE9zNWY1T3FKQ1RxYk1jZHJTQ0gueFVnL2ZFcjFDWC9hTXgwdG0iLCJfX3YiOjAsInRyYW5zYWN0aW9ucyI6W119.1kIwkMCMqri0U8awGXL-4UDXJu4PKrL90ciiWqJFVKc","timestamp":"2017-12-14T10:15:04.559Z"}
{"level":"info","message":"API running on localhost:5000","timestamp":"2017-12-14T10:17:34.904Z"}
{"level":"info","message":"eyJ0eXAiOiJKV1QiLCJhbGciOiJIUzI1NiJ9.eyJfaWQiOiI1YTMyNGYwYzNjNjQ5ZTU2MzgyMDg4OGEiLCJuYW1lIjoiYXdhdGVmIiwiZW1haWwiOiJhd2F0ZWZAZ21haWwuY29tIiwicGFzc3dvcmQiOiIkMmEkMTAkY1dWbXhFei8zTUhQcXViSE9zNWY1T3FKQ1RxYk1jZHJTQ0gueFVnL2ZFcjFDWC9hTXgwdG0iLCJfX3YiOjAsInRyYW5zYWN0aW9ucyI6W119.1kIwkMCMqri0U8awGXL-4UDXJu4PKrL90ciiWqJFVKc: JWTeyJ0eXAiOiJKV1QiLCJhbGciOiJIUzI1NiJ9.eyJfaWQiOiI1YTMyNGYwYzNjNjQ5ZTU2MzgyMDg4OGEiLCJuYW1lIjoiYXdhdGVmIiwiZW1haWwiOiJhd2F0ZWZAZ21haWwuY29tIiwicGFzc3dvcmQiOiIkMmEkMTAkY1dWbXhFei8zTUhQcXViSE9zNWY1T3FKQ1RxYk1jZHJTQ0gueFVnL2ZFcjFDWC9hTXgwdG0iLCJfX3YiOjAsInRyYW5zYWN0aW9ucyI6W119.1kIwkMCMqri0U8awGXL-4UDXJu4PKrL90ciiWqJFVKc","timestamp":"2017-12-14T10:17:41.493Z"}
{"level":"info","message":"API running on localhost:5000","timestamp":"2017-12-14T10:29:04.236Z"}
{"level":"info","message":"eyJ0eXAiOiJKV1QiLCJhbGciOiJIUzI1NiJ9.eyJfaWQiOiI1YTMyNGYwYzNjNjQ5ZTU2MzgyMDg4OGEiLCJuYW1lIjoiYXdhdGVmIiwiZW1haWwiOiJhd2F0ZWZAZ21haWwuY29tIiwicGFzc3dvcmQiOiIkMmEkMTAkY1dWbXhFei8zTUhQcXViSE9zNWY1T3FKQ1RxYk1jZHJTQ0gueFVnL2ZFcjFDWC9hTXgwdG0iLCJfX3YiOjAsInRyYW5zYWN0aW9ucyI6W119.1kIwkMCMqri0U8awGXL-4UDXJu4PKrL90ciiWqJFVKc: JWTeyJ0eXAiOiJKV1QiLCJhbGciOiJIUzI1NiJ9.eyJfaWQiOiI1YTMyNGYwYzNjNjQ5ZTU2MzgyMDg4OGEiLCJuYW1lIjoiYXdhdGVmIiwiZW1haWwiOiJhd2F0ZWZAZ21haWwuY29tIiwicGFzc3dvcmQiOiIkMmEkMTAkY1dWbXhFei8zTUhQcXViSE9zNWY1T3FKQ1RxYk1jZHJTQ0gueFVnL2ZFcjFDWC9hTXgwdG0iLCJfX3YiOjAsInRyYW5zYWN0aW9ucyI6W119.1kIwkMCMqri0U8awGXL-4UDXJu4PKrL90ciiWqJFVKc","timestamp":"2017-12-14T10:29:08.252Z"}
{"level":"info","message":"API running on localhost:5000","timestamp":"2017-12-14T10:29:19.239Z"}
{"level":"info","message":"API running on localhost:5000","timestamp":"2017-12-14T10:29:35.637Z"}
{"level":"info","message":"eyJ0eXAiOiJKV1QiLCJhbGciOiJIUzI1NiJ9.eyJfaWQiOiI1YTMyNGYwYzNjNjQ5ZTU2MzgyMDg4OGEiLCJuYW1lIjoiYXdhdGVmIiwiZW1haWwiOiJhd2F0ZWZAZ21haWwuY29tIiwicGFzc3dvcmQiOiIkMmEkMTAkY1dWbXhFei8zTUhQcXViSE9zNWY1T3FKQ1RxYk1jZHJTQ0gueFVnL2ZFcjFDWC9hTXgwdG0iLCJfX3YiOjAsInRyYW5zYWN0aW9ucyI6W119.1kIwkMCMqri0U8awGXL-4UDXJu4PKrL90ciiWqJFVKc: JWTeyJ0eXAiOiJKV1QiLCJhbGciOiJIUzI1NiJ9.eyJfaWQiOiI1YTMyNGYwYzNjNjQ5ZTU2MzgyMDg4OGEiLCJuYW1lIjoiYXdhdGVmIiwiZW1haWwiOiJhd2F0ZWZAZ21haWwuY29tIiwicGFzc3dvcmQiOiIkMmEkMTAkY1dWbXhFei8zTUhQcXViSE9zNWY1T3FKQ1RxYk1jZHJTQ0gueFVnL2ZFcjFDWC9hTXgwdG0iLCJfX3YiOjAsInRyYW5zYWN0aW9ucyI6W119.1kIwkMCMqri0U8awGXL-4UDXJu4PKrL90ciiWqJFVKc","timestamp":"2017-12-14T10:29:39.268Z"}
{"level":"info","message":"API running on localhost:5000","timestamp":"2017-12-14T10:31:22.548Z"}
{"level":"info","message":"API running on localhost:5000","timestamp":"2017-12-14T10:31:23.980Z"}
{"level":"info","message":"API running on localhost:5000","timestamp":"2017-12-14T10:32:53.301Z"}
{"level":"info","message":"eyJ0eXAiOiJKV1QiLCJhbGciOiJIUzI1NiJ9.eyJfaWQiOiI1YTMyNGYwYzNjNjQ5ZTU2MzgyMDg4OGEiLCJuYW1lIjoiYXdhdGVmIiwiZW1haWwiOiJhd2F0ZWZAZ21haWwuY29tIiwicGFzc3dvcmQiOiIkMmEkMTAkY1dWbXhFei8zTUhQcXViSE9zNWY1T3FKQ1RxYk1jZHJTQ0gueFVnL2ZFcjFDWC9hTXgwdG0iLCJfX3YiOjAsInRyYW5zYWN0aW9ucyI6W119.1kIwkMCMqri0U8awGXL-4UDXJu4PKrL90ciiWqJFVKc: JWTeyJ0eXAiOiJKV1QiLCJhbGciOiJIUzI1NiJ9.eyJfaWQiOiI1YTMyNGYwYzNjNjQ5ZTU2MzgyMDg4OGEiLCJuYW1lIjoiYXdhdGVmIiwiZW1haWwiOiJhd2F0ZWZAZ21haWwuY29tIiwicGFzc3dvcmQiOiIkMmEkMTAkY1dWbXhFei8zTUhQcXViSE9zNWY1T3FKQ1RxYk1jZHJTQ0gueFVnL2ZFcjFDWC9hTXgwdG0iLCJfX3YiOjAsInRyYW5zYWN0aW9ucyI6W119.1kIwkMCMqri0U8awGXL-4UDXJu4PKrL90ciiWqJFVKc","timestamp":"2017-12-14T10:33:04.561Z"}
{"level":"info","message":"API running on localhost:5000","timestamp":"2017-12-14T10:35:02.652Z"}
{"level":"info","message":"eyJ0eXAiOiJKV1QiLCJhbGciOiJIUzI1NiJ9.eyJfaWQiOiI1YTMyNGYwYzNjNjQ5ZTU2MzgyMDg4OGEiLCJuYW1lIjoiYXdhdGVmIiwiZW1haWwiOiJhd2F0ZWZAZ21haWwuY29tIiwicGFzc3dvcmQiOiIkMmEkMTAkY1dWbXhFei8zTUhQcXViSE9zNWY1T3FKQ1RxYk1jZHJTQ0gueFVnL2ZFcjFDWC9hTXgwdG0iLCJfX3YiOjAsInRyYW5zYWN0aW9ucyI6W119.1kIwkMCMqri0U8awGXL-4UDXJu4PKrL90ciiWqJFVKc: JWTeyJ0eXAiOiJKV1QiLCJhbGciOiJIUzI1NiJ9.eyJfaWQiOiI1YTMyNGYwYzNjNjQ5ZTU2MzgyMDg4OGEiLCJuYW1lIjoiYXdhdGVmIiwiZW1haWwiOiJhd2F0ZWZAZ21haWwuY29tIiwicGFzc3dvcmQiOiIkMmEkMTAkY1dWbXhFei8zTUhQcXViSE9zNWY1T3FKQ1RxYk1jZHJTQ0gueFVnL2ZFcjFDWC9hTXgwdG0iLCJfX3YiOjAsInRyYW5zYWN0aW9ucyI6W119.1kIwkMCMqri0U8awGXL-4UDXJu4PKrL90ciiWqJFVKc","timestamp":"2017-12-14T10:35:06.056Z"}
{"level":"info","message":"eyJ0eXAiOiJKV1QiLCJhbGciOiJIUzI1NiJ9.eyJfaWQiOiI1YTMyNGYwYzNjNjQ5ZTU2MzgyMDg4OGEiLCJuYW1lIjoiYXdhdGVmIiwiZW1haWwiOiJhd2F0ZWZAZ21haWwuY29tIiwicGFzc3dvcmQiOiIkMmEkMTAkY1dWbXhFei8zTUhQcXViSE9zNWY1T3FKQ1RxYk1jZHJTQ0gueFVnL2ZFcjFDWC9hTXgwdG0iLCJfX3YiOjAsInRyYW5zYWN0aW9ucyI6W119.1kIwkMCMqri0U8awGXL-4UDXJu4PKrL90ciiWqJFVKc: JWTeyJ0eXAiOiJKV1QiLCJhbGciOiJIUzI1NiJ9.eyJfaWQiOiI1YTMyNGYwYzNjNjQ5ZTU2MzgyMDg4OGEiLCJuYW1lIjoiYXdhdGVmIiwiZW1haWwiOiJhd2F0ZWZAZ21haWwuY29tIiwicGFzc3dvcmQiOiIkMmEkMTAkY1dWbXhFei8zTUhQcXViSE9zNWY1T3FKQ1RxYk1jZHJTQ0gueFVnL2ZFcjFDWC9hTXgwdG0iLCJfX3YiOjAsInRyYW5zYWN0aW9ucyI6W119.1kIwkMCMqri0U8awGXL-4UDXJu4PKrL90ciiWqJFVKc","timestamp":"2017-12-14T10:35:06.057Z"}
{"level":"info","message":"API running on localhost:5000","timestamp":"2017-12-14T10:39:35.329Z"}
{"level":"info","message":"API running on localhost:5000","timestamp":"2017-12-14T10:39:51.674Z"}
{"level":"info","message":"API running on localhost:5000","timestamp":"2017-12-14T11:06:59.400Z"}
{"level":"info","message":"API running on localhost:5000","timestamp":"2017-12-14T11:07:49.837Z"}
{"level":"info","message":"API running on localhost:5000","timestamp":"2017-12-14T11:08:02.703Z"}
{"level":"info","message":"API running on localhost:5000","timestamp":"2017-12-14T11:08:15.635Z"}
{"level":"info","message":"API running on localhost:5000","timestamp":"2017-12-14T11:11:33.650Z"}
{"level":"info","message":"API running on localhost:5000","timestamp":"2017-12-14T11:11:43.993Z"}
{"level":"info","message":"eyJ0eXAiOiJKV1QiLCJhbGciOiJIUzI1NiJ9.eyJfaWQiOiI1YTMyNGYwYzNjNjQ5ZTU2MzgyMDg4OGEiLCJuYW1lIjoiYXdhdGVmIiwiZW1haWwiOiJhd2F0ZWZAZ21haWwuY29tIiwicGFzc3dvcmQiOiIkMmEkMTAkY1dWbXhFei8zTUhQcXViSE9zNWY1T3FKQ1RxYk1jZHJTQ0gueFVnL2ZFcjFDWC9hTXgwdG0iLCJfX3YiOjAsInRyYW5zYWN0aW9ucyI6W119.1kIwkMCMqri0U8awGXL-4UDXJu4PKrL90ciiWqJFVKc: JWT eyJ0eXAiOiJKV1QiLCJhbGciOiJIUzI1NiJ9.eyJfaWQiOiI1YTMyNGYwYzNjNjQ5ZTU2MzgyMDg4OGEiLCJuYW1lIjoiYXdhdGVmIiwiZW1haWwiOiJhd2F0ZWZAZ21haWwuY29tIiwicGFzc3dvcmQiOiIkMmEkMTAkY1dWbXhFei8zTUhQcXViSE9zNWY1T3FKQ1RxYk1jZHJTQ0gueFVnL2ZFcjFDWC9hTXgwdG0iLCJfX3YiOjAsInRyYW5zYWN0aW9ucyI6W119.1kIwkMCMqri0U8awGXL-4UDXJu4PKrL90ciiWqJFVKc","timestamp":"2017-12-14T11:11:54.796Z"}
{"level":"info","message":"eyJ0eXAiOiJKV1QiLCJhbGciOiJIUzI1NiJ9.eyJfaWQiOiI1YTMyNGYwYzNjNjQ5ZTU2MzgyMDg4OGEiLCJuYW1lIjoiYXdhdGVmIiwiZW1haWwiOiJhd2F0ZWZAZ21haWwuY29tIiwicGFzc3dvcmQiOiIkMmEkMTAkY1dWbXhFei8zTUhQcXViSE9zNWY1T3FKQ1RxYk1jZHJTQ0gueFVnL2ZFcjFDWC9hTXgwdG0iLCJfX3YiOjAsInRyYW5zYWN0aW9ucyI6W119.1kIwkMCMqri0U8awGXL-4UDXJu4PKrL90ciiWqJFVKc: JWT eyJ0eXAiOiJKV1QiLCJhbGciOiJIUzI1NiJ9.eyJfaWQiOiI1YTMyNGYwYzNjNjQ5ZTU2MzgyMDg4OGEiLCJuYW1lIjoiYXdhdGVmIiwiZW1haWwiOiJhd2F0ZWZAZ21haWwuY29tIiwicGFzc3dvcmQiOiIkMmEkMTAkY1dWbXhFei8zTUhQcXViSE9zNWY1T3FKQ1RxYk1jZHJTQ0gueFVnL2ZFcjFDWC9hTXgwdG0iLCJfX3YiOjAsInRyYW5zYWN0aW9ucyI6W119.1kIwkMCMqri0U8awGXL-4UDXJu4PKrL90ciiWqJFVKc","timestamp":"2017-12-14T11:11:54.797Z"}
{"level":"info","message":"API running on localhost:5000","timestamp":"2017-12-14T11:14:11.966Z"}
{"success":true,"msg":"tarak created","data":{"$__":{"strictMode":true,"getters":{},"_id":{"_bsontype":"ObjectID","id":{"0":90,"1":50,"2":98,"3":4,"4":57,"5":162,"6":222,"7":103,"8":199,"9":11,"10":235,"11":108}},"wasPopulated":false,"activePaths":{"paths":{"password":"modify","email":"modify","name":"modify","transactions":"default","_id":"default"},"states":{"ignore":{},"default":{"transactions":true,"_id":true},"init":{},"modify":{"name":true,"password":true,"email":true},"require":{}},"stateNames":["require","modify","init","default","ignore"]},"pathsToScopes":{},"emitter":{"domain":null,"_events":{},"_eventsCount":0,"_maxListeners":0},"$options":true},"isNew":true,"_doc":{"transactions":[],"_id":{"$ref":"$[\"data\"][\"$__\"][\"_id\"]"},"name":"tarak","password":"tarak","email":"tarak@gmail.com"}},"level":"info","message":"","timestamp":"2017-12-14T11:35:32.936Z"}
{"success":true,"msg":"tarak created","data":{"$__":{"strictMode":true,"getters":{},"_id":{"_bsontype":"ObjectID","id":{"0":90,"1":50,"2":98,"3":173,"4":57,"5":162,"6":222,"7":103,"8":199,"9":11,"10":235,"11":109}},"wasPopulated":false,"activePaths":{"paths":{"password":"modify","email":"modify","name":"modify","transactions":"default","_id":"default"},"states":{"ignore":{},"default":{"transactions":true,"_id":true},"init":{},"modify":{"name":true,"password":true,"email":true},"require":{}},"stateNames":["require","modify","init","default","ignore"]},"pathsToScopes":{},"emitter":{"domain":null,"_events":{},"_eventsCount":0,"_maxListeners":0},"$options":true},"isNew":true,"_doc":{"transactions":[],"_id":{"$ref":"$[\"data\"][\"$__\"][\"_id\"]"},"name":"tarak","password":"tarak","email":"tarak@gmail.com"}},"level":"info","message":"","timestamp":"2017-12-14T11:38:21.245Z"}
{"level":"info","message":"eyJ0eXAiOiJKV1QiLCJhbGciOiJIUzI1NiJ9.eyJfaWQiOiI1YTMyNjIwNDM5YTJkZTY3YzcwYmViNmMiLCJlbWFpbCI6InRhcmFrQGdtYWlsLmNvbSIsInBhc3N3b3JkIjoiJDJhJDEwJHFjUlE0VGRQeVBhLzEvSWt6NnA5UHVsQ3htSUNFa3lmLzA2aWIyWkVGQnFmWkpNR0F2N2dPIiwibmFtZSI6InRhcmFrIiwiX192IjowLCJ0cmFuc2FjdGlvbnMiOltdfQ.3WtUlB07bl4hI-SN4G87sF_Zt-_3xzbEWgqAXlEQ6A8: JWT eyJ0eXAiOiJKV1QiLCJhbGciOiJIUzI1NiJ9.eyJfaWQiOiI1YTMyNjIwNDM5YTJkZTY3YzcwYmViNmMiLCJlbWFpbCI6InRhcmFrQGdtYWlsLmNvbSIsInBhc3N3b3JkIjoiJDJhJDEwJHFjUlE0VGRQeVBhLzEvSWt6NnA5UHVsQ3htSUNFa3lmLzA2aWIyWkVGQnFmWkpNR0F2N2dPIiwibmFtZSI6InRhcmFrIiwiX192IjowLCJ0cmFuc2FjdGlvbnMiOltdfQ.3WtUlB07bl4hI-SN4G87sF_Zt-_3xzbEWgqAXlEQ6A8","timestamp":"2017-12-14T11:38:55.640Z"}
{"level":"info","message":"eyJ0eXAiOiJKV1QiLCJhbGciOiJIUzI1NiJ9.eyJfaWQiOiI1YTMyNjIwNDM5YTJkZTY3YzcwYmViNmMiLCJlbWFpbCI6InRhcmFrQGdtYWlsLmNvbSIsInBhc3N3b3JkIjoiJDJhJDEwJHFjUlE0VGRQeVBhLzEvSWt6NnA5UHVsQ3htSUNFa3lmLzA2aWIyWkVGQnFmWkpNR0F2N2dPIiwibmFtZSI6InRhcmFrIiwiX192IjowLCJ0cmFuc2FjdGlvbnMiOltdfQ.3WtUlB07bl4hI-SN4G87sF_Zt-_3xzbEWgqAXlEQ6A8: JWT eyJ0eXAiOiJKV1QiLCJhbGciOiJIUzI1NiJ9.eyJfaWQiOiI1YTMyNjIwNDM5YTJkZTY3YzcwYmViNmMiLCJlbWFpbCI6InRhcmFrQGdtYWlsLmNvbSIsInBhc3N3b3JkIjoiJDJhJDEwJHFjUlE0VGRQeVBhLzEvSWt6NnA5UHVsQ3htSUNFa3lmLzA2aWIyWkVGQnFmWkpNR0F2N2dPIiwibmFtZSI6InRhcmFrIiwiX192IjowLCJ0cmFuc2FjdGlvbnMiOltdfQ.3WtUlB07bl4hI-SN4G87sF_Zt-_3xzbEWgqAXlEQ6A8","timestamp":"2017-12-14T11:38:55.641Z"}
{"level":"info","message":"eyJ0eXAiOiJKV1QiLCJhbGciOiJIUzI1NiJ9.eyJfaWQiOiI1YTMyNjIwNDM5YTJkZTY3YzcwYmViNmMiLCJlbWFpbCI6InRhcmFrQGdtYWlsLmNvbSIsInBhc3N3b3JkIjoiJDJhJDEwJHFjUlE0VGRQeVBhLzEvSWt6NnA5UHVsQ3htSUNFa3lmLzA2aWIyWkVGQnFmWkpNR0F2N2dPIiwibmFtZSI6InRhcmFrIiwiX192IjowLCJ0cmFuc2FjdGlvbnMiOltdfQ.3WtUlB07bl4hI-SN4G87sF_Zt-_3xzbEWgqAXlEQ6A8: JWT eyJ0eXAiOiJKV1QiLCJhbGciOiJIUzI1NiJ9.eyJfaWQiOiI1YTMyNjIwNDM5YTJkZTY3YzcwYmViNmMiLCJlbWFpbCI6InRhcmFrQGdtYWlsLmNvbSIsInBhc3N3b3JkIjoiJDJhJDEwJHFjUlE0VGRQeVBhLzEvSWt6NnA5UHVsQ3htSUNFa3lmLzA2aWIyWkVGQnFmWkpNR0F2N2dPIiwibmFtZSI6InRhcmFrIiwiX192IjowLCJ0cmFuc2FjdGlvbnMiOltdfQ.3WtUlB07bl4hI-SN4G87sF_Zt-_3xzbEWgqAXlEQ6A8","timestamp":"2017-12-14T11:40:19.506Z"}
{"level":"info","message":"eyJ0eXAiOiJKV1QiLCJhbGciOiJIUzI1NiJ9.eyJfaWQiOiI1YTMyNjIwNDM5YTJkZTY3YzcwYmViNmMiLCJlbWFpbCI6InRhcmFrQGdtYWlsLmNvbSIsInBhc3N3b3JkIjoiJDJhJDEwJHFjUlE0VGRQeVBhLzEvSWt6NnA5UHVsQ3htSUNFa3lmLzA2aWIyWkVGQnFmWkpNR0F2N2dPIiwibmFtZSI6InRhcmFrIiwiX192IjowLCJ0cmFuc2FjdGlvbnMiOltdfQ.3WtUlB07bl4hI-SN4G87sF_Zt-_3xzbEWgqAXlEQ6A8: JWT eyJ0eXAiOiJKV1QiLCJhbGciOiJIUzI1NiJ9.eyJfaWQiOiI1YTMyNjIwNDM5YTJkZTY3YzcwYmViNmMiLCJlbWFpbCI6InRhcmFrQGdtYWlsLmNvbSIsInBhc3N3b3JkIjoiJDJhJDEwJHFjUlE0VGRQeVBhLzEvSWt6NnA5UHVsQ3htSUNFa3lmLzA2aWIyWkVGQnFmWkpNR0F2N2dPIiwibmFtZSI6InRhcmFrIiwiX192IjowLCJ0cmFuc2FjdGlvbnMiOltdfQ.3WtUlB07bl4hI-SN4G87sF_Zt-_3xzbEWgqAXlEQ6A8","timestamp":"2017-12-14T11:40:19.507Z"}
{"level":"info","message":"eyJ0eXAiOiJKV1QiLCJhbGciOiJIUzI1NiJ9.eyJfaWQiOiI1YTMyNjIwNDM5YTJkZTY3YzcwYmViNmMiLCJlbWFpbCI6InRhcmFrQGdtYWlsLmNvbSIsInBhc3N3b3JkIjoiJDJhJDEwJHFjUlE0VGRQeVBhLzEvSWt6NnA5UHVsQ3htSUNFa3lmLzA2aWIyWkVGQnFmWkpNR0F2N2dPIiwibmFtZSI6InRhcmFrIiwiX192IjowLCJ0cmFuc2FjdGlvbnMiOltdfQ.3WtUlB07bl4hI-SN4G87sF_Zt-_3xzbEWgqAXlEQ6A8: JWT eyJ0eXAiOiJKV1QiLCJhbGciOiJIUzI1NiJ9.eyJfaWQiOiI1YTMyNjIwNDM5YTJkZTY3YzcwYmViNmMiLCJlbWFpbCI6InRhcmFrQGdtYWlsLmNvbSIsInBhc3N3b3JkIjoiJDJhJDEwJHFjUlE0VGRQeVBhLzEvSWt6NnA5UHVsQ3htSUNFa3lmLzA2aWIyWkVGQnFmWkpNR0F2N2dPIiwibmFtZSI6InRhcmFrIiwiX192IjowLCJ0cmFuc2FjdGlvbnMiOltdfQ.3WtUlB07bl4hI-SN4G87sF_Zt-_3xzbEWgqAXlEQ6A8","timestamp":"2017-12-14T11:41:45.319Z"}
{"level":"info","message":"eyJ0eXAiOiJKV1QiLCJhbGciOiJIUzI1NiJ9.eyJfaWQiOiI1YTMyNjIwNDM5YTJkZTY3YzcwYmViNmMiLCJlbWFpbCI6InRhcmFrQGdtYWlsLmNvbSIsInBhc3N3b3JkIjoiJDJhJDEwJHFjUlE0VGRQeVBhLzEvSWt6NnA5UHVsQ3htSUNFa3lmLzA2aWIyWkVGQnFmWkpNR0F2N2dPIiwibmFtZSI6InRhcmFrIiwiX192IjowLCJ0cmFuc2FjdGlvbnMiOltdfQ.3WtUlB07bl4hI-SN4G87sF_Zt-_3xzbEWgqAXlEQ6A8: JWT eyJ0eXAiOiJKV1QiLCJhbGciOiJIUzI1NiJ9.eyJfaWQiOiI1YTMyNjIwNDM5YTJkZTY3YzcwYmViNmMiLCJlbWFpbCI6InRhcmFrQGdtYWlsLmNvbSIsInBhc3N3b3JkIjoiJDJhJDEwJHFjUlE0VGRQeVBhLzEvSWt6NnA5UHVsQ3htSUNFa3lmLzA2aWIyWkVGQnFmWkpNR0F2N2dPIiwibmFtZSI6InRhcmFrIiwiX192IjowLCJ0cmFuc2FjdGlvbnMiOltdfQ.3WtUlB07bl4hI-SN4G87sF_Zt-_3xzbEWgqAXlEQ6A8","timestamp":"2017-12-14T11:41:45.319Z"}
{"success":true,"msg":"hma created","data":{"$__":{"strictMode":true,"getters":{},"_id":{"_bsontype":"ObjectID","id":{"0":90,"1":50,"2":99,"3":185,"4":57,"5":162,"6":222,"7":103,"8":199,"9":11,"10":235,"11":110}},"wasPopulated":false,"activePaths":{"paths":{"password":"modify","email":"modify","name":"modify","transactions":"default","_id":"default"},"states":{"ignore":{},"default":{"transactions":true,"_id":true},"init":{},"modify":{"name":true,"password":true,"email":true},"require":{}},"stateNames":["require","modify","init","default","ignore"]},"pathsToScopes":{},"emitter":{"domain":null,"_events":{},"_eventsCount":0,"_maxListeners":0},"$options":true},"isNew":true,"_doc":{"transactions":[],"_id":{"$ref":"$[\"data\"][\"$__\"][\"_id\"]"},"name":"hma","password":"hma","email":"hma@gmail.com"}},"level":"info","message":"","timestamp":"2017-12-14T11:42:49.881Z"}
{"success":true,"msg":"gg created","data":{"$__":{"strictMode":true,"getters":{},"_id":{"_bsontype":"ObjectID","id":{"0":90,"1":50,"2":99,"3":244,"4":57,"5":162,"6":222,"7":103,"8":199,"9":11,"10":235,"11":111}},"wasPopulated":false,"activePaths":{"paths":{"password":"modify","email":"modify","name":"modify","transactions":"default","_id":"default"},"states":{"ignore":{},"default":{"transactions":true,"_id":true},"init":{},"modify":{"name":true,"password":true,"email":true},"require":{}},"stateNames":["require","modify","init","default","ignore"]},"pathsToScopes":{},"emitter":{"domain":null,"_events":{},"_eventsCount":0,"_maxListeners":0},"$options":true},"isNew":true,"_doc":{"transactions":[],"_id":{"$ref":"$[\"data\"][\"$__\"][\"_id\"]"},"name":"gg","password":"gg","email":"gg@gg.com"}},"level":"info","message":"","timestamp":"2017-12-14T11:43:48.888Z"}
{"level":"info","message":"eyJ0eXAiOiJKV1QiLCJhbGciOiJIUzI1NiJ9.eyJfaWQiOiI1YTMyNjNmNDM5YTJkZTY3YzcwYmViNmYiLCJlbWFpbCI6ImdnQGdnLmNvbSIsInBhc3N3b3JkIjoiJDJhJDEwJEFGOGRUZURpNnhZWUtiTnkyUGFuVnVGL0wuYXZDV2MxVENlYzZTOS9PZUdNMkZ2YVNTLm91IiwibmFtZSI6ImdnIiwiX192IjowLCJ0cmFuc2FjdGlvbnMiOltdfQ.vuCGVZ14AaeVDQwWCO8Pa1KPQhgmecoyhICaGhyaFBg: JWT eyJ0eXAiOiJKV1QiLCJhbGciOiJIUzI1NiJ9.eyJfaWQiOiI1YTMyNjNmNDM5YTJkZTY3YzcwYmViNmYiLCJlbWFpbCI6ImdnQGdnLmNvbSIsInBhc3N3b3JkIjoiJDJhJDEwJEFGOGRUZURpNnhZWUtiTnkyUGFuVnVGL0wuYXZDV2MxVENlYzZTOS9PZUdNMkZ2YVNTLm91IiwibmFtZSI6ImdnIiwiX192IjowLCJ0cmFuc2FjdGlvbnMiOltdfQ.vuCGVZ14AaeVDQwWCO8Pa1KPQhgmecoyhICaGhyaFBg","timestamp":"2017-12-14T11:43:58.207Z"}
{"level":"info","message":"eyJ0eXAiOiJKV1QiLCJhbGciOiJIUzI1NiJ9.eyJfaWQiOiI1YTMyNjNmNDM5YTJkZTY3YzcwYmViNmYiLCJlbWFpbCI6ImdnQGdnLmNvbSIsInBhc3N3b3JkIjoiJDJhJDEwJEFGOGRUZURpNnhZWUtiTnkyUGFuVnVGL0wuYXZDV2MxVENlYzZTOS9PZUdNMkZ2YVNTLm91IiwibmFtZSI6ImdnIiwiX192IjowLCJ0cmFuc2FjdGlvbnMiOltdfQ.vuCGVZ14AaeVDQwWCO8Pa1KPQhgmecoyhICaGhyaFBg: JWT eyJ0eXAiOiJKV1QiLCJhbGciOiJIUzI1NiJ9.eyJfaWQiOiI1YTMyNjNmNDM5YTJkZTY3YzcwYmViNmYiLCJlbWFpbCI6ImdnQGdnLmNvbSIsInBhc3N3b3JkIjoiJDJhJDEwJEFGOGRUZURpNnhZWUtiTnkyUGFuVnVGL0wuYXZDV2MxVENlYzZTOS9PZUdNMkZ2YVNTLm91IiwibmFtZSI6ImdnIiwiX192IjowLCJ0cmFuc2FjdGlvbnMiOltdfQ.vuCGVZ14AaeVDQwWCO8Pa1KPQhgmecoyhICaGhyaFBg","timestamp":"2017-12-14T11:43:58.208Z"}
{"level":"info","message":"API running on localhost:5000","timestamp":"2017-12-14T12:42:06.635Z"}
{"level":"info","message":"API running on localhost:5000","timestamp":"2017-12-14T12:50:34.792Z"}
{"success":true,"msg":"khalil created","data":{"$__":{"strictMode":true,"getters":{},"_id":{"_bsontype":"ObjectID","id":{"0":90,"1":50,"2":118,"3":208,"4":112,"5":158,"6":28,"7":117,"8":4,"9":223,"10":73,"11":70}},"wasPopulated":false,"activePaths":{"paths":{"password":"modify","email":"modify","name":"modify","transactions":"default","_id":"default"},"states":{"ignore":{},"default":{"transactions":true,"_id":true},"init":{},"modify":{"name":true,"password":true,"email":true},"require":{}},"stateNames":["require","modify","init","default","ignore"]},"pathsToScopes":{},"emitter":{"domain":null,"_events":{},"_eventsCount":0,"_maxListeners":0},"$options":true},"isNew":true,"_doc":{"transactions":[],"_id":{"$ref":"$[\"data\"][\"$__\"][\"_id\"]"},"name":"khalil","password":"khalil","email":"khalil@gmail.com"}},"level":"info","message":"","timestamp":"2017-12-14T13:04:16.231Z"}
{"level":"info","message":"eyJ0eXAiOiJKV1QiLCJhbGciOiJIUzI1NiJ9.eyJfaWQiOiI1YTMyNzZkMDcwOWUxYzc1MDRkZjQ5NDYiLCJlbWFpbCI6ImtoYWxpbEBnbWFpbC5jb20iLCJwYXNzd29yZCI6IiQyYSQxMCRqc2g1TnpCUmZaeHVPTlduTDMuc0QuQnliYnJYWFdSV1QxZFVrY0F6RWw2N29PNGFiSEVjcSIsIm5hbWUiOiJraGFsaWwiLCJfX3YiOjAsInRyYW5zYWN0aW9ucyI6W119.Fe_1T0S-6f5NeL2EhPx7OSoun6y8XxYPfiThSW5wn4M: JWT eyJ0eXAiOiJKV1QiLCJhbGciOiJIUzI1NiJ9.eyJfaWQiOiI1YTMyNzZkMDcwOWUxYzc1MDRkZjQ5NDYiLCJlbWFpbCI6ImtoYWxpbEBnbWFpbC5jb20iLCJwYXNzd29yZCI6IiQyYSQxMCRqc2g1TnpCUmZaeHVPTlduTDMuc0QuQnliYnJYWFdSV1QxZFVrY0F6RWw2N29PNGFiSEVjcSIsIm5hbWUiOiJraGFsaWwiLCJfX3YiOjAsInRyYW5zYWN0aW9ucyI6W119.Fe_1T0S-6f5NeL2EhPx7OSoun6y8XxYPfiThSW5wn4M","timestamp":"2017-12-14T13:04:28.554Z"}
{"level":"info","message":"eyJ0eXAiOiJKV1QiLCJhbGciOiJIUzI1NiJ9.eyJfaWQiOiI1YTMyNzZkMDcwOWUxYzc1MDRkZjQ5NDYiLCJlbWFpbCI6ImtoYWxpbEBnbWFpbC5jb20iLCJwYXNzd29yZCI6IiQyYSQxMCRqc2g1TnpCUmZaeHVPTlduTDMuc0QuQnliYnJYWFdSV1QxZFVrY0F6RWw2N29PNGFiSEVjcSIsIm5hbWUiOiJraGFsaWwiLCJfX3YiOjAsInRyYW5zYWN0aW9ucyI6W119.Fe_1T0S-6f5NeL2EhPx7OSoun6y8XxYPfiThSW5wn4M: JWT eyJ0eXAiOiJKV1QiLCJhbGciOiJIUzI1NiJ9.eyJfaWQiOiI1YTMyNzZkMDcwOWUxYzc1MDRkZjQ5NDYiLCJlbWFpbCI6ImtoYWxpbEBnbWFpbC5jb20iLCJwYXNzd29yZCI6IiQyYSQxMCRqc2g1TnpCUmZaeHVPTlduTDMuc0QuQnliYnJYWFdSV1QxZFVrY0F6RWw2N29PNGFiSEVjcSIsIm5hbWUiOiJraGFsaWwiLCJfX3YiOjAsInRyYW5zYWN0aW9ucyI6W119.Fe_1T0S-6f5NeL2EhPx7OSoun6y8XxYPfiThSW5wn4M","timestamp":"2017-12-14T13:04:28.556Z"}
{"level":"info","message":"eyJ0eXAiOiJKV1QiLCJhbGciOiJIUzI1NiJ9.eyJfaWQiOiI1YTMyNzZkMDcwOWUxYzc1MDRkZjQ5NDYiLCJlbWFpbCI6ImtoYWxpbEBnbWFpbC5jb20iLCJwYXNzd29yZCI6IiQyYSQxMCRqc2g1TnpCUmZaeHVPTlduTDMuc0QuQnliYnJYWFdSV1QxZFVrY0F6RWw2N29PNGFiSEVjcSIsIm5hbWUiOiJraGFsaWwiLCJfX3YiOjAsInRyYW5zYWN0aW9ucyI6W119.Fe_1T0S-6f5NeL2EhPx7OSoun6y8XxYPfiThSW5wn4M: JWT eyJ0eXAiOiJKV1QiLCJhbGciOiJIUzI1NiJ9.eyJfaWQiOiI1YTMyNzZkMDcwOWUxYzc1MDRkZjQ5NDYiLCJlbWFpbCI6ImtoYWxpbEBnbWFpbC5jb20iLCJwYXNzd29yZCI6IiQyYSQxMCRqc2g1TnpCUmZaeHVPTlduTDMuc0QuQnliYnJYWFdSV1QxZFVrY0F6RWw2N29PNGFiSEVjcSIsIm5hbWUiOiJraGFsaWwiLCJfX3YiOjAsInRyYW5zYWN0aW9ucyI6W119.Fe_1T0S-6f5NeL2EhPx7OSoun6y8XxYPfiThSW5wn4M","timestamp":"2017-12-14T14:37:11.773Z"}
{"level":"info","message":"eyJ0eXAiOiJKV1QiLCJhbGciOiJIUzI1NiJ9.eyJfaWQiOiI1YTMyNzZkMDcwOWUxYzc1MDRkZjQ5NDYiLCJlbWFpbCI6ImtoYWxpbEBnbWFpbC5jb20iLCJwYXNzd29yZCI6IiQyYSQxMCRqc2g1TnpCUmZaeHVPTlduTDMuc0QuQnliYnJYWFdSV1QxZFVrY0F6RWw2N29PNGFiSEVjcSIsIm5hbWUiOiJraGFsaWwiLCJfX3YiOjAsInRyYW5zYWN0aW9ucyI6W119.Fe_1T0S-6f5NeL2EhPx7OSoun6y8XxYPfiThSW5wn4M: JWT eyJ0eXAiOiJKV1QiLCJhbGciOiJIUzI1NiJ9.eyJfaWQiOiI1YTMyNzZkMDcwOWUxYzc1MDRkZjQ5NDYiLCJlbWFpbCI6ImtoYWxpbEBnbWFpbC5jb20iLCJwYXNzd29yZCI6IiQyYSQxMCRqc2g1TnpCUmZaeHVPTlduTDMuc0QuQnliYnJYWFdSV1QxZFVrY0F6RWw2N29PNGFiSEVjcSIsIm5hbWUiOiJraGFsaWwiLCJfX3YiOjAsInRyYW5zYWN0aW9ucyI6W119.Fe_1T0S-6f5NeL2EhPx7OSoun6y8XxYPfiThSW5wn4M","timestamp":"2017-12-14T14:37:11.773Z"}
{"level":"info","message":"API running on localhost:5000","timestamp":"2017-12-14T14:40:39.747Z"}
{"level":"info","message":"API running on localhost:5000","timestamp":"2017-12-14T14:42:53.898Z"}
{"level":"info","message":"API running on localhost:5000","timestamp":"2017-12-14T14:43:19.759Z"}
{"level":"info","message":"API running on localhost:5000","timestamp":"2017-12-14T14:43:28.098Z"}
{"level":"info","message":"eyJ0eXAiOiJKV1QiLCJhbGciOiJIUzI1NiJ9.eyJfaWQiOiI1YTMyNzZkMDcwOWUxYzc1MDRkZjQ5NDYiLCJlbWFpbCI6ImtoYWxpbEBnbWFpbC5jb20iLCJwYXNzd29yZCI6IiQyYSQxMCRqc2g1TnpCUmZaeHVPTlduTDMuc0QuQnliYnJYWFdSV1QxZFVrY0F6RWw2N29PNGFiSEVjcSIsIm5hbWUiOiJraGFsaWwiLCJfX3YiOjAsInRyYW5zYWN0aW9ucyI6W119.Fe_1T0S-6f5NeL2EhPx7OSoun6y8XxYPfiThSW5wn4M: JWT eyJ0eXAiOiJKV1QiLCJhbGciOiJIUzI1NiJ9.eyJfaWQiOiI1YTMyNzZkMDcwOWUxYzc1MDRkZjQ5NDYiLCJlbWFpbCI6ImtoYWxpbEBnbWFpbC5jb20iLCJwYXNzd29yZCI6IiQyYSQxMCRqc2g1TnpCUmZaeHVPTlduTDMuc0QuQnliYnJYWFdSV1QxZFVrY0F6RWw2N29PNGFiSEVjcSIsIm5hbWUiOiJraGFsaWwiLCJfX3YiOjAsInRyYW5zYWN0aW9ucyI6W119.Fe_1T0S-6f5NeL2EhPx7OSoun6y8XxYPfiThSW5wn4M","timestamp":"2017-12-14T14:47:18.566Z"}
{"level":"info","message":"eyJ0eXAiOiJKV1QiLCJhbGciOiJIUzI1NiJ9.eyJfaWQiOiI1YTMyNzZkMDcwOWUxYzc1MDRkZjQ5NDYiLCJlbWFpbCI6ImtoYWxpbEBnbWFpbC5jb20iLCJwYXNzd29yZCI6IiQyYSQxMCRqc2g1TnpCUmZaeHVPTlduTDMuc0QuQnliYnJYWFdSV1QxZFVrY0F6RWw2N29PNGFiSEVjcSIsIm5hbWUiOiJraGFsaWwiLCJfX3YiOjAsInRyYW5zYWN0aW9ucyI6W119.Fe_1T0S-6f5NeL2EhPx7OSoun6y8XxYPfiThSW5wn4M: JWT eyJ0eXAiOiJKV1QiLCJhbGciOiJIUzI1NiJ9.eyJfaWQiOiI1YTMyNzZkMDcwOWUxYzc1MDRkZjQ5NDYiLCJlbWFpbCI6ImtoYWxpbEBnbWFpbC5jb20iLCJwYXNzd29yZCI6IiQyYSQxMCRqc2g1TnpCUmZaeHVPTlduTDMuc0QuQnliYnJYWFdSV1QxZFVrY0F6RWw2N29PNGFiSEVjcSIsIm5hbWUiOiJraGFsaWwiLCJfX3YiOjAsInRyYW5zYWN0aW9ucyI6W119.Fe_1T0S-6f5NeL2EhPx7OSoun6y8XxYPfiThSW5wn4M","timestamp":"2017-12-14T14:47:18.567Z"}
